0 info it worked if it ends with ok
1 verbose cli [ '/usr/bin/node', '/usr/bin/npm', 'run', 'test:watch' ]
2 info using npm@4.0.5
3 info using node@v7.3.0
4 verbose run-script [ 'pretest:watch', 'test:watch', 'posttest:watch' ]
5 info lifecycle testapp@1.0.0~pretest:watch: testapp@1.0.0
6 silly lifecycle testapp@1.0.0~pretest:watch: no script for pretest:watch, continuing
7 info lifecycle testapp@1.0.0~test:watch: testapp@1.0.0
8 verbose lifecycle testapp@1.0.0~test:watch: unsafe-perm in lifecycle true
9 verbose lifecycle testapp@1.0.0~test:watch: PATH: /usr/lib/node_modules/npm/bin/node-gyp-bin:/home/niggacode/Projects/koa/test-project1/node_modules/.bin:/home/niggacode/GNUstep/Tools:/usr/local/sbin:/usr/local/bin:/usr/bin:/usr/lib/jvm/default/bin:/usr/bin/site_perl:/usr/bin/vendor_perl:/usr/bin/core_perl:/home/niggacode/Android/Sdk/tools:/home/niggacode/.yarn/bin:/home/niggacode/.npm/bin:/home/niggacode/Android/Sdk/tools:/home/niggacode/.yarn/bin:/home/niggacode/.npm/bin
10 verbose lifecycle testapp@1.0.0~test:watch: CWD: /home/niggacode/Projects/koa/test-project1
11 silly lifecycle testapp@1.0.0~test:watch: Args: [ '-c', 'npm run test -- --watch' ]
12 silly lifecycle testapp@1.0.0~test:watch: Returned: code: 1  signal: null
13 info lifecycle testapp@1.0.0~test:watch: Failed to exec test:watch script
14 verbose stack Error: testapp@1.0.0 test:watch: `npm run test -- --watch`
14 verbose stack Exit status 1
14 verbose stack     at EventEmitter.<anonymous> (/usr/lib/node_modules/npm/lib/utils/lifecycle.js:279:16)
14 verbose stack     at emitTwo (events.js:106:13)
14 verbose stack     at EventEmitter.emit (events.js:191:7)
14 verbose stack     at ChildProcess.<anonymous> (/usr/lib/node_modules/npm/lib/utils/spawn.js:40:14)
14 verbose stack     at emitTwo (events.js:106:13)
14 verbose stack     at ChildProcess.emit (events.js:191:7)
14 verbose stack     at maybeClose (internal/child_process.js:885:16)
14 verbose stack     at Process.ChildProcess._handle.onexit (internal/child_process.js:226:5)
15 verbose pkgid testapp@1.0.0
16 verbose cwd /home/niggacode/Projects/koa/test-project1
17 error Linux 4.8.13-1-ARCH
18 error argv "/usr/bin/node" "/usr/bin/npm" "run" "test:watch"
19 error node v7.3.0
20 error npm  v4.0.5
21 error code ELIFECYCLE
22 error testapp@1.0.0 test:watch: `npm run test -- --watch`
22 error Exit status 1
23 error Failed at the testapp@1.0.0 test:watch script 'npm run test -- --watch'.
23 error Make sure you have the latest version of node.js and npm installed.
23 error If you do, this is most likely a problem with the testapp package,
23 error not with npm itself.
23 error Tell the author that this fails on your system:
23 error     npm run test -- --watch
23 error You can get information on how to open an issue for this project with:
23 error     npm bugs testapp
23 error Or if that isn't available, you can get their info via:
23 error     npm owner ls testapp
23 error There is likely additional logging output above.
24 verbose exit [ 1, true ]
